<?xml version="1.0" encoding="UTF-8"?>
<testng-results ignored="7" total="8" passed="1" failed="0" skipped="0">
  <reporter-output>
  </reporter-output>
  <suite started-at="2021-09-11T23:16:16 IST" name="Default suite" finished-at="2021-09-11T23:16:54 IST" duration-ms="38392">
    <groups>
    </groups>
    <test started-at="2021-09-11T23:16:16 IST" name="Default test" finished-at="2021-09-11T23:16:54 IST" duration-ms="38392">
      <class name="practise.AppiumFramework.SwagLabTest">
        <test-method is-config="true" signature="PreCondition()[pri:0, instance:practise.AppiumFramework.SwagLabTest@4de41af9]" started-at="2021-09-11T23:16:16 IST" name="PreCondition" finished-at="2021-09-11T23:16:19 IST" duration-ms="3042" status="PASS">
          <reporter-output>
          </reporter-output>
        </test-method> <!-- PreCondition -->
        <test-method signature="SwagLabs_SanityScenario()[pri:0, instance:practise.AppiumFramework.SwagLabTest@4de41af9]" started-at="2021-09-11T23:16:19 IST" name="SwagLabs_SanityScenario" finished-at="2021-09-11T23:16:54 IST" duration-ms="35318" status="PASS">
          <reporter-output>
          </reporter-output>
        </test-method> <!-- SwagLabs_SanityScenario -->
        <test-method is-config="true" signature="PreTestCondition()[pri:0, instance:practise.AppiumFramework.SwagLabTest@4de41af9]" started-at="2021-09-11T23:16:19 IST" name="PreTestCondition" finished-at="2021-09-11T23:16:19 IST" duration-ms="0" status="PASS">
          <reporter-output>
          </reporter-output>
        </test-method> <!-- PreTestCondition -->
        <test-method is-config="true" signature="PostTestCondition()[pri:0, instance:practise.AppiumFramework.SwagLabTest@4de41af9]" started-at="2021-09-11T23:16:54 IST" name="PostTestCondition" finished-at="2021-09-11T23:16:54 IST" duration-ms="0" status="PASS">
          <reporter-output>
          </reporter-output>
        </test-method> <!-- PostTestCondition -->
        <test-method is-config="true" signature="PostCondition()[pri:0, instance:practise.AppiumFramework.SwagLabTest@4de41af9]" started-at="2021-09-11T23:16:54 IST" name="PostCondition" finished-at="2021-09-11T23:16:54 IST" duration-ms="0" status="PASS">
          <reporter-output>
          </reporter-output>
        </test-method> <!-- PostCondition -->
      </class> <!-- practise.AppiumFramework.SwagLabTest -->
    </test> <!-- Default test -->
  </suite> <!-- Default suite -->
</testng-results>
