<?xml version="1.0" encoding="UTF-8"?>
<testng-results ignored="7" total="8" passed="1" failed="0" skipped="0">
  <reporter-output>
  </reporter-output>
  <suite started-at="2021-09-07T09:52:34 IST" name="Default suite" finished-at="2021-09-07T09:53:08 IST" duration-ms="33957">
    <groups>
    </groups>
    <test started-at="2021-09-07T09:52:34 IST" name="Default test" finished-at="2021-09-07T09:53:08 IST" duration-ms="33957">
      <class name="practise.AppiumFramework.SwagLabTest">
        <test-method is-config="true" signature="killAllNodesandStartService()[pri:0, instance:practise.AppiumFramework.SwagLabTest@44828f6b]" started-at="2021-09-07T09:52:34 IST" name="killAllNodesandStartService" finished-at="2021-09-07T09:52:37 IST" duration-ms="3022" status="PASS">
          <reporter-output>
          </reporter-output>
        </test-method> <!-- killAllNodesandStartService -->
        <test-method signature="SwagLabs_SanityScenario()[pri:0, instance:practise.AppiumFramework.SwagLabTest@44828f6b]" started-at="2021-09-07T09:52:37 IST" name="SwagLabs_SanityScenario" finished-at="2021-09-07T09:53:08 IST" duration-ms="30893" status="PASS">
          <reporter-output>
          </reporter-output>
        </test-method> <!-- SwagLabs_SanityScenario -->
        <test-method is-config="true" signature="stoptService()[pri:0, instance:practise.AppiumFramework.SwagLabTest@44828f6b]" started-at="2021-09-07T09:53:08 IST" name="stoptService" finished-at="2021-09-07T09:53:08 IST" duration-ms="1" status="PASS">
          <reporter-output>
          </reporter-output>
        </test-method> <!-- stoptService -->
      </class> <!-- practise.AppiumFramework.SwagLabTest -->
    </test> <!-- Default test -->
  </suite> <!-- Default suite -->
</testng-results>
