<?xml version="1.0" encoding="UTF-8"?>
<!-- Generated by org.testng.reporters.JUnitXMLReporter -->
<testsuite ignored="0" hostname="USER-PC" failures="0" tests="5" name="Android Test" time="209.176" errors="0" timestamp="2021-09-23T18:14:38 IST">
  <testcase classname="com.SwagLabs.TestCases.SwagLab_TC01_MultipleProduct_Checkout" name="swagLabsTC01" time="55.215"/>
  <testcase classname="com.SwagLabs.TestCases.SwagLab_TC02_SingleProduct_Checkout" name="swagLabsTC02" time="34.182"/>
  <testcase classname="com.SwagLabs.TestCases.SwagLab_TC03_MultipleProduct_RemoveAll" name="swagLabsTC03" time="37.015"/>
  <testcase classname="com.SwagLabs.TestCases.SwagLab_TC04_MultipleProduct_RemoveOne" name="swagLabsTC04" time="35.668"/>
  <testcase classname="com.SwagLabs.TestCases.SwagLab_TC05_ContinueShopping_AddProduct" name="swagLabsTC05" time="47.058"/>
</testsuite> <!-- Android Test -->
