<?xml version="1.0" encoding="UTF-8"?>
<!-- Generated by org.testng.reporters.JUnitXMLReporter -->
<testsuite ignored="43" hostname="USER-PC" failures="1" tests="10" name="Android Test" time="362.65" errors="0" timestamp="2021-09-23T19:29:46 IST">
  <testcase classname="com.SwagLabs.TestCases.SwagLab_TC01_MultipleProduct_Checkout" name="swagLabsTC01" time="42.574"/>
  <testcase classname="com.SwagLabs.TestCases.SwagLab_TC02_SingleProduct_Checkout" name="swagLabsTC02" time="34.727"/>
  <testcase classname="com.SwagLabs.TestCases.SwagLab_TC03_MultipleProduct_RemoveAll" name="swagLabsTC03" time="37.134"/>
  <testcase classname="com.SwagLabs.TestCases.SwagLab_TC04_MultipleProduct_RemoveOne" name="swagLabsTC04" time="35.331"/>
  <testcase classname="com.SwagLabs.TestCases.SwagLab_TC05_ContinueShopping_AddProduct" name="swagLabsTC05" time="51.129"/>
  <testcase classname="com.SwagLabs.TestCases.SwagLab_TC06_AddProduct_Cancel_CheckoutInfo" name="swagLabsTC06" time="23.379"/>
  <testcase classname="com.SwagLabs.TestCases.SwagLab_TC07_AddProduct_Cancel_CheckoutOverview" name="swagLabsTC07" time="29.837"/>
  <testcase classname="com.SwagLabs.TestCases.SwagLab_TC08_AddProduct_InventoryPage" name="swagLabsTC08" time="52.832"/>
  <testcase classname="com.SwagLabs.TestCases.SwagLab_TC09_ProblemUser_InventoryPageValidation" name="swagLabsTC10" time="22.795"/>
  <testcase classname="com.SwagLabs.TestCases.SwagLab_TC10_ProblemUser_AddMultipleProduct" name="swagLabsTC10" time="16.787">
    <failure type="java.nio.file.InvalidPathException" message="Illegal char &amp;lt;:&amp;gt; at index 51: C:/Users/USER/AppiumFinal/AppiumFramework/Reports/C:\Users\USER\AppiumFinal\AppiumFramework\Reports/extent-media.0/1632405586042.png">
      <![CDATA[java.nio.file.InvalidPathException: Illegal char <:> at index 51: C:/Users/USER/AppiumFinal/AppiumFramework/Reports/C:\Users\USER\AppiumFinal\AppiumFramework\Reports/extent-media.0/1632405586042.png
at java.base/sun.nio.fs.WindowsPathParser.normalize(WindowsPathParser.java:182)
at java.base/sun.nio.fs.WindowsPathParser.parse(WindowsPathParser.java:153)
at java.base/sun.nio.fs.WindowsPathParser.parse(WindowsPathParser.java:77)
at java.base/sun.nio.fs.WindowsPath.parse(WindowsPath.java:92)
at java.base/sun.nio.fs.WindowsFileSystem.getPath(WindowsFileSystem.java:229)
at java.base/java.nio.file.Path.of(Path.java:147)
at java.base/java.nio.file.Paths.get(Paths.java:69)
at com.aventstack.extentreports.mediastorage.LocalMediaStorageHandler.storeMediaFileLocal(LocalMediaStorageHandler.java:77)
at com.aventstack.extentreports.mediastorage.LocalMediaStorageHandler.storeMedia(LocalMediaStorageHandler.java:29)
at com.aventstack.extentreports.reporter.BasicFileReporter.autoCreateRelativePathMedia(BasicFileReporter.java:260)
at com.aventstack.extentreports.reporter.BasicFileReporter.onScreenCaptureAdded(BasicFileReporter.java:243)
at com.aventstack.extentreports.ExtentObservable.addScreenCapture(ExtentObservable.java:374)
at com.aventstack.extentreports.ExtentTest.addLog(ExtentTest.java:363)
at com.aventstack.extentreports.ExtentTest.log(ExtentTest.java:308)
at com.SwagLabs.Utilities.Base.yourCart_ProductValidation(Base.java:654)
at com.SwagLabs.Pages.SwagLabs_YourCartPage.checkout(SwagLabs_YourCartPage.java:51)
at com.SwagLabs.TestCases.SwagLab_TC10_ProblemUser_AddMultipleProduct.swagLabsTC10(SwagLab_TC10_ProblemUser_AddMultipleProduct.java:49)
at java.base/java.util.ArrayList.forEach(ArrayList.java:1511)
... Removed 27 stack frames]]>
    </failure>
  </testcase> <!-- swagLabsTC10 -->
  <testcase classname="com.SwagLabs.Utilities.Base" name="@BeforeSuite SetupExtentReport" time="0.0">
    <ignored/>
  </testcase> <!-- @BeforeSuite SetupExtentReport -->
  <testcase classname="com.SwagLabs.Utilities.Base" name="@BeforeSuite SetupExtentReport" time="0.0">
    <ignored/>
  </testcase> <!-- @BeforeSuite SetupExtentReport -->
  <testcase classname="com.SwagLabs.Utilities.Base" name="@BeforeSuite SetupExtentReport" time="0.0">
    <ignored/>
  </testcase> <!-- @BeforeSuite SetupExtentReport -->
  <testcase classname="com.SwagLabs.Utilities.Base" name="@BeforeSuite SetupExtentReport" time="0.0">
    <ignored/>
  </testcase> <!-- @BeforeSuite SetupExtentReport -->
  <testcase classname="com.SwagLabs.Utilities.Base" name="@BeforeSuite SetupExtentReport" time="0.0">
    <ignored/>
  </testcase> <!-- @BeforeSuite SetupExtentReport -->
  <testcase classname="com.SwagLabs.Utilities.Base" name="@BeforeSuite SetupExtentReport" time="0.0">
    <ignored/>
  </testcase> <!-- @BeforeSuite SetupExtentReport -->
  <testcase classname="com.SwagLabs.Utilities.Base" name="@BeforeSuite SetupExtentReport" time="0.0">
    <ignored/>
  </testcase> <!-- @BeforeSuite SetupExtentReport -->
  <testcase classname="com.SwagLabs.Utilities.Base" name="@BeforeSuite SetupExtentReport" time="0.0">
    <ignored/>
  </testcase> <!-- @BeforeSuite SetupExtentReport -->
  <testcase classname="com.SwagLabs.Utilities.Base" name="@BeforeSuite SetupExtentReport" time="0.0">
    <ignored/>
  </testcase> <!-- @BeforeSuite SetupExtentReport -->
  <testcase classname="com.SwagLabs.Utilities.Base" name="@BeforeSuite SetupExtentReport" time="0.0">
    <ignored/>
  </testcase> <!-- @BeforeSuite SetupExtentReport -->
  <testcase classname="com.SwagLabs.Utilities.Base" name="@AfterTest postTestCondition" time="0.0">
    <ignored/>
  </testcase> <!-- @AfterTest postTestCondition -->
  <testcase classname="com.SwagLabs.Utilities.Base" name="@AfterTest postTestCondition" time="0.0">
    <ignored/>
  </testcase> <!-- @AfterTest postTestCondition -->
  <testcase classname="com.SwagLabs.Utilities.Base" name="@AfterTest postTestCondition" time="0.0">
    <ignored/>
  </testcase> <!-- @AfterTest postTestCondition -->
  <testcase classname="com.SwagLabs.Utilities.Base" name="@AfterTest postTestCondition" time="0.0">
    <ignored/>
  </testcase> <!-- @AfterTest postTestCondition -->
  <testcase classname="com.SwagLabs.Utilities.Base" name="@AfterTest postTestCondition" time="0.0">
    <ignored/>
  </testcase> <!-- @AfterTest postTestCondition -->
  <testcase classname="com.SwagLabs.Utilities.Base" name="@AfterTest postTestCondition" time="0.0">
    <ignored/>
  </testcase> <!-- @AfterTest postTestCondition -->
  <testcase classname="com.SwagLabs.Utilities.Base" name="@AfterTest postTestCondition" time="0.0">
    <ignored/>
  </testcase> <!-- @AfterTest postTestCondition -->
  <testcase classname="com.SwagLabs.Utilities.Base" name="@AfterTest postTestCondition" time="0.0">
    <ignored/>
  </testcase> <!-- @AfterTest postTestCondition -->
  <testcase classname="com.SwagLabs.Utilities.Base" name="@AfterTest postTestCondition" time="0.0">
    <ignored/>
  </testcase> <!-- @AfterTest postTestCondition -->
  <testcase classname="com.SwagLabs.Utilities.Base" name="@AfterTest postTestCondition" time="0.0">
    <ignored/>
  </testcase> <!-- @AfterTest postTestCondition -->
  <testcase classname="com.SwagLabs.Utilities.Base" name="@AfterTest postTestCondition" time="0.0">
    <ignored/>
  </testcase> <!-- @AfterTest postTestCondition -->
  <testcase classname="com.SwagLabs.Utilities.Base" name="@BeforeTest preTestCondition" time="0.0">
    <ignored/>
  </testcase> <!-- @BeforeTest preTestCondition -->
  <testcase classname="com.SwagLabs.Utilities.Base" name="@BeforeTest preTestCondition" time="0.0">
    <ignored/>
  </testcase> <!-- @BeforeTest preTestCondition -->
  <testcase classname="com.SwagLabs.Utilities.Base" name="@BeforeTest preTestCondition" time="0.0">
    <ignored/>
  </testcase> <!-- @BeforeTest preTestCondition -->
  <testcase classname="com.SwagLabs.Utilities.Base" name="@BeforeTest preTestCondition" time="0.0">
    <ignored/>
  </testcase> <!-- @BeforeTest preTestCondition -->
  <testcase classname="com.SwagLabs.Utilities.Base" name="@BeforeTest preTestCondition" time="0.0">
    <ignored/>
  </testcase> <!-- @BeforeTest preTestCondition -->
  <testcase classname="com.SwagLabs.Utilities.Base" name="@BeforeTest preTestCondition" time="0.0">
    <ignored/>
  </testcase> <!-- @BeforeTest preTestCondition -->
  <testcase classname="com.SwagLabs.Utilities.Base" name="@BeforeTest preTestCondition" time="0.0">
    <ignored/>
  </testcase> <!-- @BeforeTest preTestCondition -->
  <testcase classname="com.SwagLabs.Utilities.Base" name="@BeforeTest preTestCondition" time="0.0">
    <ignored/>
  </testcase> <!-- @BeforeTest preTestCondition -->
  <testcase classname="com.SwagLabs.Utilities.Base" name="@BeforeTest preTestCondition" time="0.0">
    <ignored/>
  </testcase> <!-- @BeforeTest preTestCondition -->
  <testcase classname="com.SwagLabs.Utilities.Base" name="@BeforeTest preTestCondition" time="0.0">
    <ignored/>
  </testcase> <!-- @BeforeTest preTestCondition -->
  <testcase classname="com.SwagLabs.Utilities.Base" name="@BeforeTest preTestCondition" time="0.0">
    <ignored/>
  </testcase> <!-- @BeforeTest preTestCondition -->
  <testcase classname="com.SwagLabs.Utilities.Base" name="@AfterSuite closeExtentReport" time="0.0">
    <ignored/>
  </testcase> <!-- @AfterSuite closeExtentReport -->
  <testcase classname="com.SwagLabs.Utilities.Base" name="@AfterSuite closeExtentReport" time="0.0">
    <ignored/>
  </testcase> <!-- @AfterSuite closeExtentReport -->
  <testcase classname="com.SwagLabs.Utilities.Base" name="@AfterSuite closeExtentReport" time="0.0">
    <ignored/>
  </testcase> <!-- @AfterSuite closeExtentReport -->
  <testcase classname="com.SwagLabs.Utilities.Base" name="@AfterSuite closeExtentReport" time="0.0">
    <ignored/>
  </testcase> <!-- @AfterSuite closeExtentReport -->
  <testcase classname="com.SwagLabs.Utilities.Base" name="@AfterSuite closeExtentReport" time="0.0">
    <ignored/>
  </testcase> <!-- @AfterSuite closeExtentReport -->
  <testcase classname="com.SwagLabs.Utilities.Base" name="@AfterSuite closeExtentReport" time="0.0">
    <ignored/>
  </testcase> <!-- @AfterSuite closeExtentReport -->
  <testcase classname="com.SwagLabs.Utilities.Base" name="@AfterSuite closeExtentReport" time="0.0">
    <ignored/>
  </testcase> <!-- @AfterSuite closeExtentReport -->
  <testcase classname="com.SwagLabs.Utilities.Base" name="@AfterSuite closeExtentReport" time="0.0">
    <ignored/>
  </testcase> <!-- @AfterSuite closeExtentReport -->
  <testcase classname="com.SwagLabs.Utilities.Base" name="@AfterSuite closeExtentReport" time="0.0">
    <ignored/>
  </testcase> <!-- @AfterSuite closeExtentReport -->
  <testcase classname="com.SwagLabs.Utilities.Base" name="@AfterSuite closeExtentReport" time="0.0">
    <ignored/>
  </testcase> <!-- @AfterSuite closeExtentReport -->
  <testcase classname="com.SwagLabs.Utilities.Base" name="@AfterSuite closeExtentReport" time="0.0">
    <ignored/>
  </testcase> <!-- @AfterSuite closeExtentReport -->
</testsuite> <!-- Android Test -->
