<?xml version="1.0" encoding="UTF-8"?>
<!-- Generated by org.testng.reporters.JUnitXMLReporter -->
<testsuite ignored="0" hostname="USER-PC" failures="1" tests="5" name="Android Device Test" time="178.102" errors="0" timestamp="2021-09-23T18:14:07 IST">
  <testcase classname="com.SwagLabs.TestCases.SwagLab_TC06_AddProduct_Cancel_CheckoutInfo" name="swagLabsTC06" time="42.182"/>
  <testcase classname="com.SwagLabs.TestCases.SwagLab_TC07_AddProduct_Cancel_CheckoutOverview" name="swagLabsTC07" time="34.322"/>
  <testcase classname="com.SwagLabs.TestCases.SwagLab_TC08_AddProduct_InventoryPage" name="swagLabsTC08" time="55.851"/>
  <testcase classname="com.SwagLabs.TestCases.SwagLab_TC09_ProblemUser_InventoryPageValidation" name="swagLabsTC10" time="23.521"/>
  <testcase classname="com.SwagLabs.TestCases.SwagLab_TC10_ProblemUser_AddMultipleProduct" name="swagLabsTC09" time="16.182">
    <failure type="java.nio.file.InvalidPathException" message="Illegal char &amp;lt;:&amp;gt; at index 51: C:/Users/USER/AppiumFinal/AppiumFramework/Reports/C:\Users\USER\AppiumFinal\AppiumFramework\Reports/extent-media.0/1632401047532.png">
      <![CDATA[java.nio.file.InvalidPathException: Illegal char <:> at index 51: C:/Users/USER/AppiumFinal/AppiumFramework/Reports/C:\Users\USER\AppiumFinal\AppiumFramework\Reports/extent-media.0/1632401047532.png
at java.base/sun.nio.fs.WindowsPathParser.normalize(WindowsPathParser.java:182)
at java.base/sun.nio.fs.WindowsPathParser.parse(WindowsPathParser.java:153)
at java.base/sun.nio.fs.WindowsPathParser.parse(WindowsPathParser.java:77)
at java.base/sun.nio.fs.WindowsPath.parse(WindowsPath.java:92)
at java.base/sun.nio.fs.WindowsFileSystem.getPath(WindowsFileSystem.java:229)
at java.base/java.nio.file.Path.of(Path.java:147)
at java.base/java.nio.file.Paths.get(Paths.java:69)
at com.aventstack.extentreports.mediastorage.LocalMediaStorageHandler.storeMediaFileLocal(LocalMediaStorageHandler.java:77)
at com.aventstack.extentreports.mediastorage.LocalMediaStorageHandler.storeMedia(LocalMediaStorageHandler.java:29)
at com.aventstack.extentreports.reporter.BasicFileReporter.autoCreateRelativePathMedia(BasicFileReporter.java:260)
at com.aventstack.extentreports.reporter.BasicFileReporter.onScreenCaptureAdded(BasicFileReporter.java:243)
at com.aventstack.extentreports.ExtentObservable.addScreenCapture(ExtentObservable.java:374)
at com.aventstack.extentreports.ExtentTest.addLog(ExtentTest.java:363)
at com.aventstack.extentreports.ExtentTest.log(ExtentTest.java:308)
at com.SwagLabs.Utilities.Base.yourCart_ProductValidation(Base.java:618)
at com.SwagLabs.Pages.SwagLabs_YourCartPage.checkout(SwagLabs_YourCartPage.java:51)
at com.SwagLabs.TestCases.SwagLab_TC10_ProblemUser_AddMultipleProduct.swagLabsTC09(SwagLab_TC10_ProblemUser_AddMultipleProduct.java:60)
at java.base/java.util.ArrayList.forEach(ArrayList.java:1511)
at java.base/java.util.concurrent.FutureTask.run(FutureTask.java:264)
at java.base/java.util.concurrent.ThreadPoolExecutor.runWorker(ThreadPoolExecutor.java:1130)
at java.base/java.util.concurrent.ThreadPoolExecutor$Worker.run(ThreadPoolExecutor.java:630)
at java.base/java.lang.Thread.run(Thread.java:832)
... Removed 18 stack frames]]>
    </failure>
  </testcase> <!-- swagLabsTC09 -->
</testsuite> <!-- Android Device Test -->
