<?xml version="1.0" encoding="UTF-8"?>
<!-- Generated by org.testng.reporters.JUnitXMLReporter -->
<testsuite ignored="0" hostname="USER-PC" failures="3" tests="12" name="Emulator Test" time="343.971" errors="0" timestamp="2021-09-23T17:37:56 IST">
  <testcase classname="com.SwagLabs.TestCases.SwagLabs_PreCondition" name="SetupExtentReport" time="2.845"/>
  <testcase classname="com.SwagLabs.TestCases.SwagLab_TC01_MultipleProduct_Checkout" name="swagLabsTC01" time="56.898"/>
  <testcase classname="com.SwagLabs.TestCases.SwagLab_TC02_SingleProduct_Checkout" name="swagLabsTC02" time="33.758"/>
  <testcase classname="com.SwagLabs.TestCases.SwagLab_TC03_MultipleProduct_RemoveAll" name="swagLabsTC03" time="37.376"/>
  <testcase classname="com.SwagLabs.TestCases.SwagLab_TC04_MultipleProduct_RemoveOne" name="swagLabsTC04" time="35.683"/>
  <testcase classname="com.SwagLabs.TestCases.SwagLab_TC05_ContinueShopping_AddProduct" name="swagLabsTC05" time="47.194"/>
  <testcase classname="com.SwagLabs.TestCases.SwagLab_TC06_AddProduct_Cancel_CheckoutInfo" name="swagLabsTC06" time="24.014"/>
  <testcase classname="com.SwagLabs.TestCases.SwagLab_TC07_AddProduct_Cancel_CheckoutOverview" name="swagLabsTC07" time="29.738"/>
  <testcase classname="com.SwagLabs.TestCases.SwagLab_TC08_AddProduct_InventoryPage" name="swagLabsTC08" time="51.843"/>
  <testcase classname="com.SwagLabs.TestCases.SwagLab_ProblemUser_TC" name="swagLabsTC09" time="15.039">
    <failure type="java.nio.file.InvalidPathException" message="Illegal char &amp;lt;:&amp;gt; at index 51: C:/Users/USER/AppiumFinal/AppiumFramework/Reports/C:\Users\USER\AppiumFinal\AppiumFramework\Reports/extent-media.0/1632398869516.png">
      <![CDATA[java.nio.file.InvalidPathException: Illegal char <:> at index 51: C:/Users/USER/AppiumFinal/AppiumFramework/Reports/C:\Users\USER\AppiumFinal\AppiumFramework\Reports/extent-media.0/1632398869516.png
at java.base/sun.nio.fs.WindowsPathParser.normalize(WindowsPathParser.java:182)
at java.base/sun.nio.fs.WindowsPathParser.parse(WindowsPathParser.java:153)
at java.base/sun.nio.fs.WindowsPathParser.parse(WindowsPathParser.java:77)
at java.base/sun.nio.fs.WindowsPath.parse(WindowsPath.java:92)
at java.base/sun.nio.fs.WindowsFileSystem.getPath(WindowsFileSystem.java:229)
at java.base/java.nio.file.Path.of(Path.java:147)
at java.base/java.nio.file.Paths.get(Paths.java:69)
at com.aventstack.extentreports.mediastorage.LocalMediaStorageHandler.storeMediaFileLocal(LocalMediaStorageHandler.java:77)
at com.aventstack.extentreports.mediastorage.LocalMediaStorageHandler.storeMedia(LocalMediaStorageHandler.java:29)
at com.aventstack.extentreports.reporter.BasicFileReporter.autoCreateRelativePathMedia(BasicFileReporter.java:260)
at com.aventstack.extentreports.reporter.BasicFileReporter.onScreenCaptureAdded(BasicFileReporter.java:243)
at com.aventstack.extentreports.ExtentObservable.addScreenCapture(ExtentObservable.java:374)
at com.aventstack.extentreports.ExtentTest.addLog(ExtentTest.java:363)
at com.aventstack.extentreports.ExtentTest.log(ExtentTest.java:308)
at com.SwagLabs.Utilities.Base.yourCart_ProductValidation(Base.java:618)
at com.SwagLabs.Pages.SwagLabs_YourCartPage.checkout(SwagLabs_YourCartPage.java:51)
at com.SwagLabs.TestCases.SwagLab_ProblemUser_TC.swagLabsTC09(SwagLab_ProblemUser_TC.java:60)
at java.base/java.util.ArrayList.forEach(ArrayList.java:1511)
at java.base/java.util.concurrent.FutureTask.run(FutureTask.java:264)
at java.base/java.util.concurrent.ThreadPoolExecutor.runWorker(ThreadPoolExecutor.java:1130)
at java.base/java.util.concurrent.ThreadPoolExecutor$Worker.run(ThreadPoolExecutor.java:630)
at java.base/java.lang.Thread.run(Thread.java:832)
... Removed 18 stack frames]]>
    </failure>
  </testcase> <!-- swagLabsTC09 -->
  <testcase classname="com.SwagLabs.TestCases.SwagLab_ProblemUser_TC" name="swagLabsTC10" time="3.206">
    <failure type="java.nio.file.InvalidPathException" message="Illegal char &amp;lt;:&amp;gt; at index 51: C:/Users/USER/AppiumFinal/AppiumFramework/Reports/C:\Users\USER\AppiumFinal\AppiumFramework\Reports/extent-media.0/1632398875727.png">
      <![CDATA[java.nio.file.InvalidPathException: Illegal char <:> at index 51: C:/Users/USER/AppiumFinal/AppiumFramework/Reports/C:\Users\USER\AppiumFinal\AppiumFramework\Reports/extent-media.0/1632398875727.png
at java.base/sun.nio.fs.WindowsPathParser.normalize(WindowsPathParser.java:182)
at java.base/sun.nio.fs.WindowsPathParser.parse(WindowsPathParser.java:153)
at java.base/sun.nio.fs.WindowsPathParser.parse(WindowsPathParser.java:77)
at java.base/sun.nio.fs.WindowsPath.parse(WindowsPath.java:92)
at java.base/sun.nio.fs.WindowsFileSystem.getPath(WindowsFileSystem.java:229)
at java.base/java.nio.file.Path.of(Path.java:147)
at java.base/java.nio.file.Paths.get(Paths.java:69)
at com.aventstack.extentreports.mediastorage.LocalMediaStorageHandler.storeMediaFileLocal(LocalMediaStorageHandler.java:77)
at com.aventstack.extentreports.mediastorage.LocalMediaStorageHandler.storeMedia(LocalMediaStorageHandler.java:29)
at com.aventstack.extentreports.reporter.BasicFileReporter.autoCreateRelativePathMedia(BasicFileReporter.java:260)
at com.aventstack.extentreports.reporter.BasicFileReporter.onScreenCaptureAdded(BasicFileReporter.java:243)
at com.aventstack.extentreports.ExtentObservable.addScreenCapture(ExtentObservable.java:374)
at com.aventstack.extentreports.ExtentTest.addLog(ExtentTest.java:363)
at com.aventstack.extentreports.ExtentTest.log(ExtentTest.java:308)
at com.SwagLabs.Utilities.Base.elementScrollByText(Base.java:332)
at com.SwagLabs.Pages.SwagLabs_LoginPage.login_problemUser(SwagLabs_LoginPage.java:78)
at com.SwagLabs.TestCases.SwagLab_ProblemUser_TC.swagLabsTC10(SwagLab_ProblemUser_TC.java:81)
at java.base/java.util.ArrayList.forEach(ArrayList.java:1511)
at java.base/java.util.concurrent.FutureTask.run(FutureTask.java:264)
at java.base/java.util.concurrent.ThreadPoolExecutor.runWorker(ThreadPoolExecutor.java:1130)
at java.base/java.util.concurrent.ThreadPoolExecutor$Worker.run(ThreadPoolExecutor.java:630)
at java.base/java.lang.Thread.run(Thread.java:832)
... Removed 18 stack frames]]>
    </failure>
  </testcase> <!-- swagLabsTC10 -->
  <testcase classname="com.SwagLabs.TestCases.SwagLabs_PostCondition" name="SetupExtentReport" time="0.314">
    <failure type="java.lang.NullPointerException" message="Cannot invoke &amp;quot;io.appium.java_client.service.local.AppiumDriverLocalService.stop()&amp;quot; because &amp;quot;this.appium_Service&amp;quot; is null">
      <![CDATA[java.lang.NullPointerException: Cannot invoke "io.appium.java_client.service.local.AppiumDriverLocalService.stop()" because "this.appium_Service" is null
at com.SwagLabs.TestCases.SwagLabs_PostCondition.SetupExtentReport(SwagLabs_PostCondition.java:19)
at java.base/java.util.ArrayList.forEach(ArrayList.java:1511)
at java.base/java.util.concurrent.FutureTask.run(FutureTask.java:264)
at java.base/java.util.concurrent.ThreadPoolExecutor.runWorker(ThreadPoolExecutor.java:1130)
at java.base/java.util.concurrent.ThreadPoolExecutor$Worker.run(ThreadPoolExecutor.java:630)
at java.base/java.lang.Thread.run(Thread.java:832)
... Removed 18 stack frames]]>
    </failure>
  </testcase> <!-- SetupExtentReport -->
</testsuite> <!-- Emulator Test -->
