<?xml version="1.0" encoding="UTF-8"?>
<!-- Generated by org.testng.reporters.JUnitXMLReporter -->
<testsuite ignored="0" hostname="USER-PC" failures="1" tests="12" name="Test" time="402.139" errors="0" timestamp="2021-09-20T11:18:55 IST">
  <testcase classname="com.SwagLabs.TestCases.SwagLabs_PreCondition" name="SetupExtentReport" time="0.166"/>
  <testcase classname="com.SwagLabs.TestCases.SwagLab_TC01" name="swagLabsTC01" time="41.431"/>
  <testcase classname="com.SwagLabs.TestCases.SwagLab_TC02" name="swagLabsTC02" time="33.901"/>
  <testcase classname="com.SwagLabs.TestCases.SwagLab_TC03" name="swagLabsTC03" time="36.23"/>
  <testcase classname="com.SwagLabs.TestCases.SwagLab_TC04" name="swagLabsTC04" time="35.871"/>
  <testcase classname="com.SwagLabs.TestCases.SwagLab_TC05" name="swagLabsTC05" time="44.695"/>
  <testcase classname="com.SwagLabs.TestCases.SwagLab_TC06" name="swagLabsTC06" time="27.071"/>
  <testcase classname="com.SwagLabs.TestCases.SwagLab_TC07" name="swagLabsTC07" time="32.267"/>
  <testcase classname="com.SwagLabs.TestCases.SwagLab_TC08" name="swagLabsTC08" time="53.026"/>
  <testcase classname="com.SwagLabs.TestCases.SwagLab_ProblemUser_TC" name="swagLabsTC09" time="36.01">
    <failure type="java.nio.file.InvalidPathException" message="Illegal char &amp;lt;:&amp;gt; at index 63: C:/Users/USER/GitRepo/AppiumFramework/AppiumFramework/Reports/C:\Users\USER\GitRepo\AppiumFramework\AppiumFramework\Reports/extent-media.0/1632116901624.png">
      <![CDATA[java.nio.file.InvalidPathException: Illegal char <:> at index 63: C:/Users/USER/GitRepo/AppiumFramework/AppiumFramework/Reports/C:\Users\USER\GitRepo\AppiumFramework\AppiumFramework\Reports/extent-media.0/1632116901624.png
at java.base/sun.nio.fs.WindowsPathParser.normalize(WindowsPathParser.java:182)
at java.base/sun.nio.fs.WindowsPathParser.parse(WindowsPathParser.java:153)
at java.base/sun.nio.fs.WindowsPathParser.parse(WindowsPathParser.java:77)
at java.base/sun.nio.fs.WindowsPath.parse(WindowsPath.java:92)
at java.base/sun.nio.fs.WindowsFileSystem.getPath(WindowsFileSystem.java:229)
at java.base/java.nio.file.Path.of(Path.java:147)
at java.base/java.nio.file.Paths.get(Paths.java:69)
at com.aventstack.extentreports.mediastorage.LocalMediaStorageHandler.storeMediaFileLocal(LocalMediaStorageHandler.java:77)
at com.aventstack.extentreports.mediastorage.LocalMediaStorageHandler.storeMedia(LocalMediaStorageHandler.java:29)
at com.aventstack.extentreports.reporter.BasicFileReporter.autoCreateRelativePathMedia(BasicFileReporter.java:260)
at com.aventstack.extentreports.reporter.BasicFileReporter.onScreenCaptureAdded(BasicFileReporter.java:243)
at com.aventstack.extentreports.ExtentObservable.addScreenCapture(ExtentObservable.java:374)
at com.aventstack.extentreports.ExtentTest.addLog(ExtentTest.java:363)
at com.aventstack.extentreports.ExtentTest.log(ExtentTest.java:308)
at com.SwagLabs.Utilities.Base.yourCart_ProductValidation(Base.java:465)
at com.SwagLabs.Pages.SwagLabs_YourCartPage.checkout(SwagLabs_YourCartPage.java:46)
at com.SwagLabs.TestCases.SwagLab_ProblemUser_TC.swagLabsTC09(SwagLab_ProblemUser_TC.java:53)
at java.base/java.util.ArrayList.forEach(ArrayList.java:1511)
... Removed 27 stack frames]]>
    </failure>
  </testcase> <!-- swagLabsTC09 -->
  <testcase classname="com.SwagLabs.TestCases.SwagLab_ProblemUser_TC" name="swagLabsTC10" time="31.023"/>
  <testcase classname="com.SwagLabs.TestCases.SwagLabs_PostCondition" name="SetupExtentReport" time="0.297"/>
</testsuite> <!-- Test -->
