<?xml version="1.0" encoding="UTF-8"?>
<!-- Generated by org.testng.reporters.JUnitXMLReporter -->
<testsuite ignored="0" hostname="USER-PC" failures="0" tests="8" name="Test" time="282.171" errors="0" timestamp="2021-09-06T23:21:52 IST">
  <testcase classname="practise.AppiumFramework.SwagLabTest" name="SwagLabs_AddProduct_Checkout_AmountValidation" time="36.906"/>
  <testcase classname="practise.AppiumFramework.SwagLabTest" name="SwagLabs_AddProduct_Checkout_Cancel" time="28.404"/>
  <testcase classname="practise.AppiumFramework.SwagLabTest" name="SwagLabs_AddProduct_Checkout_FinalCancel" time="29.293"/>
  <testcase classname="practise.AppiumFramework.SwagLabTest" name="SwagLabs_AddProduct_ContinueShopping_Checkout" time="39.425"/>
  <testcase classname="practise.AppiumFramework.SwagLabTest" name="SwagLabs_AddProduct_Remove_Checkout" time="33.439"/>
  <testcase classname="practise.AppiumFramework.SwagLabTest" name="SwagLabs_MultipleProductAdd_RemoveAll_Checkout" time="39.414"/>
  <testcase classname="practise.AppiumFramework.SwagLabTest" name="SwagLabs_MultipleProductCheckout" time="38.497"/>
  <testcase classname="practise.AppiumFramework.SwagLabTest" name="SwagLabs_SanityScenario" time="33.726"/>
</testsuite> <!-- Test -->
