<?xml version="1.0" encoding="UTF-8"?>
<!-- Generated by org.testng.reporters.JUnitXMLReporter -->
<testsuite ignored="7" hostname="USER-PC" failures="0" tests="1" name="Default test" time="38.392" errors="0" timestamp="2021-09-11T23:16:54 IST">
  <testcase classname="practise.AppiumFramework.SwagLabTest" name="SwagLabs_SanityScenario" time="35.318"/>
  <testcase classname="practise.AppiumFramework.SwagLabTest" name="SwagLabs_AddProduct_Checkout_FinalCancel" time="0.0">
    <ignored/>
  </testcase> <!-- SwagLabs_AddProduct_Checkout_FinalCancel -->
  <testcase classname="practise.AppiumFramework.SwagLabTest" name="SwagLabs_AddProduct_Checkout_Cancel" time="0.0">
    <ignored/>
  </testcase> <!-- SwagLabs_AddProduct_Checkout_Cancel -->
  <testcase classname="practise.AppiumFramework.SwagLabTest" name="SwagLabs_MultipleProductCheckout" time="0.0">
    <ignored/>
  </testcase> <!-- SwagLabs_MultipleProductCheckout -->
  <testcase classname="practise.AppiumFramework.SwagLabTest" name="SwagLabs_AddProduct_Checkout_AmountValidation" time="0.0">
    <ignored/>
  </testcase> <!-- SwagLabs_AddProduct_Checkout_AmountValidation -->
  <testcase classname="practise.AppiumFramework.SwagLabTest" name="SwagLabs_AddProduct_Remove_Checkout" time="0.0">
    <ignored/>
  </testcase> <!-- SwagLabs_AddProduct_Remove_Checkout -->
  <testcase classname="practise.AppiumFramework.SwagLabTest" name="SwagLabs_AddProduct_ContinueShopping_Checkout" time="0.0">
    <ignored/>
  </testcase> <!-- SwagLabs_AddProduct_ContinueShopping_Checkout -->
  <testcase classname="practise.AppiumFramework.SwagLabTest" name="SwagLabs_MultipleProductAdd_RemoveAll_Checkout" time="0.0">
    <ignored/>
  </testcase> <!-- SwagLabs_MultipleProductAdd_RemoveAll_Checkout -->
</testsuite> <!-- Default test -->
