<?xml version="1.0" encoding="UTF-8"?>
<testng-results ignored="0" total="1" passed="1" failed="0" skipped="0">
  <reporter-output>
  </reporter-output>
  <suite started-at="2021-10-25T17:18:18 IST" name="Suite" finished-at="2021-10-25T17:19:19 IST" duration-ms="61570">
    <groups>
    </groups>
    <test started-at="2021-10-25T17:18:18 IST" name="Android Test" finished-at="2021-10-25T17:19:19 IST" duration-ms="61570">
      <class name="com.SwagLabs.TestCases.SwagLab_TC01_MultipleProduct_Checkout">
        <test-method is-config="true" signature="SetupExtentReport()[pri:0, instance:com.SwagLabs.TestCases.SwagLab_TC01_MultipleProduct_Checkout@71ba6d4e]" started-at="2021-10-25T17:18:14 IST" name="SetupExtentReport" finished-at="2021-10-25T17:18:18 IST" duration-ms="3835" status="PASS">
          <reporter-output>
          </reporter-output>
        </test-method> <!-- SetupExtentReport -->
        <test-method is-config="true" signature="preTestCondition(java.lang.String)[pri:0, instance:com.SwagLabs.TestCases.SwagLab_TC01_MultipleProduct_Checkout@71ba6d4e]" started-at="2021-10-25T17:18:18 IST" name="preTestCondition" finished-at="2021-10-25T17:18:36 IST" duration-ms="17869" status="PASS">
          <params>
            <param index="0">
              <value>
                <![CDATA[5200c70e420a86f5]]>
              </value>
            </param>
          </params>
          <reporter-output>
          </reporter-output>
        </test-method> <!-- preTestCondition -->
        <test-method signature="swagLabsTC01()[pri:0, instance:com.SwagLabs.TestCases.SwagLab_TC01_MultipleProduct_Checkout@71ba6d4e]" started-at="2021-10-25T17:18:36 IST" name="swagLabsTC01" finished-at="2021-10-25T17:19:19 IST" duration-ms="43651" status="PASS">
          <reporter-output>
          </reporter-output>
        </test-method> <!-- swagLabsTC01 -->
        <test-method is-config="true" signature="postTestCondition()[pri:0, instance:com.SwagLabs.TestCases.SwagLab_TC01_MultipleProduct_Checkout@71ba6d4e]" started-at="2021-10-25T17:19:19 IST" name="postTestCondition" finished-at="2021-10-25T17:19:19 IST" duration-ms="0" status="PASS">
          <reporter-output>
          </reporter-output>
        </test-method> <!-- postTestCondition -->
        <test-method is-config="true" signature="closeExtentReport()[pri:0, instance:com.SwagLabs.TestCases.SwagLab_TC01_MultipleProduct_Checkout@71ba6d4e]" started-at="2021-10-25T17:19:20 IST" name="closeExtentReport" finished-at="2021-10-25T17:19:20 IST" duration-ms="483" status="PASS">
          <reporter-output>
          </reporter-output>
        </test-method> <!-- closeExtentReport -->
      </class> <!-- com.SwagLabs.TestCases.SwagLab_TC01_MultipleProduct_Checkout -->
    </test> <!-- Android Test -->
  </suite> <!-- Suite -->
</testng-results>
